<?xml version="1.0" encoding="UTF-8"?>
<robot generator="Robot 6.0.1 (Python 3.11.1 on darwin)" generated="20230104 15:43:46.966" rpa="false" schemaversion="3">
<suite id="s1" name="Ampersand test" source="/Users/emregul/PycharmProjects/Ampersand_test">
<suite id="s1-s1" name="Automation" source="/Users/emregul/PycharmProjects/Ampersand_test/Automation">
<suite id="s1-s1-s1" name="Tests" source="/Users/emregul/PycharmProjects/Ampersand_test/Automation/Tests">
<suite id="s1-s1-s1-s1" name="02 PageTools" source="/Users/emregul/PycharmProjects/Ampersand_test/Automation/Tests/02_PageTools">
<suite id="s1-s1-s1-s1-s1" name="05 Date" source="/Users/emregul/PycharmProjects/Ampersand_test/Automation/Tests/02_PageTools/05_Date.robot">
<test id="s1-s1-s1-s1-s1-t1" name="Scenario 1 : Test Date elements" line="9">
<kw name="Given User Navigates Homepage" library="Homepage">
<kw name="Open Browser" library="SeleniumLibrary">
<arg>http://localhost:4200</arg>
<arg>chrome</arg>
<doc>Opens a new browser instance to the optional ``url``.</doc>
<msg timestamp="20230104 15:43:47.111" level="INFO">Opening browser 'chrome' to base url 'http://localhost:4200'.</msg>
<status status="PASS" starttime="20230104 15:43:47.111" endtime="20230104 15:43:58.076"/>
</kw>
<kw name="Maximize Browser Window" library="SeleniumLibrary">
<doc>Maximizes current browser window.</doc>
<status status="PASS" starttime="20230104 15:43:58.076" endtime="20230104 15:43:58.558"/>
</kw>
<status status="PASS" starttime="20230104 15:43:47.111" endtime="20230104 15:43:58.558"/>
</kw>
<kw name="And User navigates Tools Page" library="01TestStep_Alphanumeric">
<kw name="Click Element" library="SeleniumLibrary">
<arg>xpath:/html/body/app-root/app-layout/div/div[1]/app-sidebar/app-menu/ul/li[1]/ul/li[2]/a</arg>
<doc>Click the element identified by ``locator``.</doc>
<msg timestamp="20230104 15:43:58.559" level="INFO">Clicking element 'xpath:/html/body/app-root/app-layout/div/div[1]/app-sidebar/app-menu/ul/li[1]/ul/li[2]/a'.</msg>
<status status="PASS" starttime="20230104 15:43:58.559" endtime="20230104 15:44:01.161"/>
</kw>
<kw name="Sleep" library="BuiltIn">
<arg>2s</arg>
<doc>Pauses the test executed for the given time.</doc>
<msg timestamp="20230104 15:44:03.163" level="INFO">Slept 2 seconds</msg>
<status status="PASS" starttime="20230104 15:44:01.162" endtime="20230104 15:44:03.164"/>
</kw>
<status status="PASS" starttime="20230104 15:43:58.558" endtime="20230104 15:44:03.164"/>
</kw>
<kw name="Then User clicks DateTime component" library="05TestSteps_DateTime">
<kw name="Click Element" library="SeleniumLibrary">
<arg>xpath://p-button[@routerlink='/tools/atomic/date']//span[@class='p-button-label ng-star-inserted'][normalize-space()='How to use']</arg>
<doc>Click the element identified by ``locator``.</doc>
<msg timestamp="20230104 15:44:03.167" level="INFO">Clicking element 'xpath://p-button[@routerlink='/tools/atomic/date']//span[@class='p-button-label ng-star-inserted'][normalize-space()='How to use']'.</msg>
<status status="PASS" starttime="20230104 15:44:03.166" endtime="20230104 15:44:04.885"/>
</kw>
<kw name="Sleep" library="BuiltIn">
<arg>2s</arg>
<doc>Pauses the test executed for the given time.</doc>
<msg timestamp="20230104 15:44:06.888" level="INFO">Slept 2 seconds</msg>
<status status="PASS" starttime="20230104 15:44:04.885" endtime="20230104 15:44:06.889"/>
</kw>
<status status="PASS" starttime="20230104 15:44:03.165" endtime="20230104 15:44:06.889"/>
</kw>
<kw name="Then User checks Can Create" library="01TestStep_Alphanumeric">
<kw name="Click Element" library="SeleniumLibrary">
<arg>xpath:/html[1]/body[1]/app-root[1]/app-layout[1]/div[1]/div[2]/div[1]/app-tool-component-details[1]/div[2]/div[1]/app-atomic-boolean[1]/div[1]/div[1]/div[1]/p-inputswitch[1]/div[1]/span[1]</arg>
<doc>Click the element identified by ``locator``.</doc>
<msg timestamp="20230104 15:44:06.892" level="INFO">Clicking element 'xpath:/html[1]/body[1]/app-root[1]/app-layout[1]/div[1]/div[2]/div[1]/app-tool-component-details[1]/div[2]/div[1]/app-atomic-boolean[1]/div[1]/div[1]/div[1]/p-inputswitch[1]/div[1]/span[1]'.</msg>
<status status="PASS" starttime="20230104 15:44:06.891" endtime="20230104 15:44:07.361"/>
</kw>
<kw name="Sleep" library="BuiltIn">
<arg>2s</arg>
<doc>Pauses the test executed for the given time.</doc>
<msg timestamp="20230104 15:44:09.363" level="INFO">Slept 2 seconds</msg>
<status status="PASS" starttime="20230104 15:44:07.361" endtime="20230104 15:44:09.363"/>
</kw>
<kw name="Click Element" library="SeleniumLibrary">
<arg>xpath:/html[1]/body[1]/app-root[1]/app-layout[1]/div[1]/div[2]/div[1]/app-tool-component-details[1]/div[2]/div[1]/app-atomic-boolean[1]/div[1]/div[1]/div[1]/p-inputswitch[1]/div[1]/span[1]</arg>
<doc>Click the element identified by ``locator``.</doc>
<msg timestamp="20230104 15:44:09.366" level="INFO">Clicking element 'xpath:/html[1]/body[1]/app-root[1]/app-layout[1]/div[1]/div[2]/div[1]/app-tool-component-details[1]/div[2]/div[1]/app-atomic-boolean[1]/div[1]/div[1]/div[1]/p-inputswitch[1]/div[1]/span[1]'.</msg>
<status status="PASS" starttime="20230104 15:44:09.363" endtime="20230104 15:44:09.663"/>
</kw>
<kw name="Sleep" library="BuiltIn">
<arg>2s</arg>
<doc>Pauses the test executed for the given time.</doc>
<msg timestamp="20230104 15:44:11.665" level="INFO">Slept 2 seconds</msg>
<status status="PASS" starttime="20230104 15:44:09.663" endtime="20230104 15:44:11.666"/>
</kw>
<status status="PASS" starttime="20230104 15:44:06.890" endtime="20230104 15:44:11.669"/>
</kw>
<kw name="And User checks Can Read" library="01TestStep_Alphanumeric">
<kw name="Click Element" library="SeleniumLibrary">
<arg>xpath:/html[1]/body[1]/app-root[1]/app-layout[1]/div[1]/div[2]/div[1]/app-tool-component-details[1]/div[2]/div[2]/app-atomic-boolean[1]/div[1]/div[1]/div[1]/p-inputswitch[1]/div[1]/span[1]</arg>
<doc>Click the element identified by ``locator``.</doc>
<msg timestamp="20230104 15:44:11.671" level="INFO">Clicking element 'xpath:/html[1]/body[1]/app-root[1]/app-layout[1]/div[1]/div[2]/div[1]/app-tool-component-details[1]/div[2]/div[2]/app-atomic-boolean[1]/div[1]/div[1]/div[1]/p-inputswitch[1]/div[1]/span[1]'.</msg>
<status status="PASS" starttime="20230104 15:44:11.671" endtime="20230104 15:44:11.832"/>
</kw>
<kw name="Sleep" library="BuiltIn">
<arg>2s</arg>
<doc>Pauses the test executed for the given time.</doc>
<msg timestamp="20230104 15:44:13.834" level="INFO">Slept 2 seconds</msg>
<status status="PASS" starttime="20230104 15:44:11.832" endtime="20230104 15:44:13.834"/>
</kw>
<kw name="Click Element" library="SeleniumLibrary">
<arg>xpath:/html[1]/body[1]/app-root[1]/app-layout[1]/div[1]/div[2]/div[1]/app-tool-component-details[1]/div[2]/div[2]/app-atomic-boolean[1]/div[1]/div[1]/div[1]/p-inputswitch[1]/div[1]/span[1]</arg>
<doc>Click the element identified by ``locator``.</doc>
<msg timestamp="20230104 15:44:13.834" level="INFO">Clicking element 'xpath:/html[1]/body[1]/app-root[1]/app-layout[1]/div[1]/div[2]/div[1]/app-tool-component-details[1]/div[2]/div[2]/app-atomic-boolean[1]/div[1]/div[1]/div[1]/p-inputswitch[1]/div[1]/span[1]'.</msg>
<status status="PASS" starttime="20230104 15:44:13.834" endtime="20230104 15:44:13.903"/>
</kw>
<kw name="Sleep" library="BuiltIn">
<arg>2s</arg>
<doc>Pauses the test executed for the given time.</doc>
<msg timestamp="20230104 15:44:15.905" level="INFO">Slept 2 seconds</msg>
<status status="PASS" starttime="20230104 15:44:13.903" endtime="20230104 15:44:15.906"/>
</kw>
<status status="PASS" starttime="20230104 15:44:11.670" endtime="20230104 15:44:15.906"/>
</kw>
<kw name="Then User checks Can Update" library="01TestStep_Alphanumeric">
<kw name="Click Element" library="SeleniumLibrary">
<arg>xpath:/html[1]/body[1]/app-root[1]/app-layout[1]/div[1]/div[2]/div[1]/app-tool-component-details[1]/div[2]/div[3]/app-atomic-boolean[1]/div[1]/div[1]/div[1]/p-inputswitch[1]/div[1]/span[1]</arg>
<doc>Click the element identified by ``locator``.</doc>
<msg timestamp="20230104 15:44:15.907" level="INFO">Clicking element 'xpath:/html[1]/body[1]/app-root[1]/app-layout[1]/div[1]/div[2]/div[1]/app-tool-component-details[1]/div[2]/div[3]/app-atomic-boolean[1]/div[1]/div[1]/div[1]/p-inputswitch[1]/div[1]/span[1]'.</msg>
<status status="PASS" starttime="20230104 15:44:15.906" endtime="20230104 15:44:15.957"/>
</kw>
<kw name="Sleep" library="BuiltIn">
<arg>2s</arg>
<doc>Pauses the test executed for the given time.</doc>
<msg timestamp="20230104 15:44:17.960" level="INFO">Slept 2 seconds</msg>
<status status="PASS" starttime="20230104 15:44:15.957" endtime="20230104 15:44:17.960"/>
</kw>
<kw name="Click Element" library="SeleniumLibrary">
<arg>xpath:/html[1]/body[1]/app-root[1]/app-layout[1]/div[1]/div[2]/div[1]/app-tool-component-details[1]/div[2]/div[3]/app-atomic-boolean[1]/div[1]/div[1]/div[1]/p-inputswitch[1]/div[1]/span[1]</arg>
<doc>Click the element identified by ``locator``.</doc>
<msg timestamp="20230104 15:44:17.962" level="INFO">Clicking element 'xpath:/html[1]/body[1]/app-root[1]/app-layout[1]/div[1]/div[2]/div[1]/app-tool-component-details[1]/div[2]/div[3]/app-atomic-boolean[1]/div[1]/div[1]/div[1]/p-inputswitch[1]/div[1]/span[1]'.</msg>
<status status="PASS" starttime="20230104 15:44:17.961" endtime="20230104 15:44:18.023"/>
</kw>
<kw name="Sleep" library="BuiltIn">
<arg>2s</arg>
<doc>Pauses the test executed for the given time.</doc>
<msg timestamp="20230104 15:44:20.025" level="INFO">Slept 2 seconds</msg>
<status status="PASS" starttime="20230104 15:44:18.023" endtime="20230104 15:44:20.026"/>
</kw>
<status status="PASS" starttime="20230104 15:44:15.906" endtime="20230104 15:44:20.026"/>
</kw>
<kw name="Then User checks Can Delete" library="01TestStep_Alphanumeric">
<kw name="Click Element" library="SeleniumLibrary">
<arg>xpath:/html[1]/body[1]/app-root[1]/app-layout[1]/div[1]/div[2]/div[1]/app-tool-component-details[1]/div[2]/div[4]/app-atomic-boolean[1]/div[1]/div[1]/div[1]/p-inputswitch[1]/div[1]/span[1]</arg>
<doc>Click the element identified by ``locator``.</doc>
<msg timestamp="20230104 15:44:20.029" level="INFO">Clicking element 'xpath:/html[1]/body[1]/app-root[1]/app-layout[1]/div[1]/div[2]/div[1]/app-tool-component-details[1]/div[2]/div[4]/app-atomic-boolean[1]/div[1]/div[1]/div[1]/p-inputswitch[1]/div[1]/span[1]'.</msg>
<status status="PASS" starttime="20230104 15:44:20.028" endtime="20230104 15:44:20.082"/>
</kw>
<kw name="Sleep" library="BuiltIn">
<arg>2s</arg>
<doc>Pauses the test executed for the given time.</doc>
<msg timestamp="20230104 15:44:22.083" level="INFO">Slept 2 seconds</msg>
<status status="PASS" starttime="20230104 15:44:20.082" endtime="20230104 15:44:22.084"/>
</kw>
<kw name="Click Element" library="SeleniumLibrary">
<arg>xpath:/html[1]/body[1]/app-root[1]/app-layout[1]/div[1]/div[2]/div[1]/app-tool-component-details[1]/div[2]/div[4]/app-atomic-boolean[1]/div[1]/div[1]/div[1]/p-inputswitch[1]/div[1]/span[1]</arg>
<doc>Click the element identified by ``locator``.</doc>
<msg timestamp="20230104 15:44:22.086" level="INFO">Clicking element 'xpath:/html[1]/body[1]/app-root[1]/app-layout[1]/div[1]/div[2]/div[1]/app-tool-component-details[1]/div[2]/div[4]/app-atomic-boolean[1]/div[1]/div[1]/div[1]/p-inputswitch[1]/div[1]/span[1]'.</msg>
<status status="PASS" starttime="20230104 15:44:22.085" endtime="20230104 15:44:22.224"/>
</kw>
<kw name="Sleep" library="BuiltIn">
<arg>2s</arg>
<doc>Pauses the test executed for the given time.</doc>
<msg timestamp="20230104 15:44:24.227" level="INFO">Slept 2 seconds</msg>
<status status="PASS" starttime="20230104 15:44:22.224" endtime="20230104 15:44:24.227"/>
</kw>
<status status="PASS" starttime="20230104 15:44:20.027" endtime="20230104 15:44:24.227"/>
</kw>
<kw name="Then User checks Expression is univalent" library="01TestStep_Alphanumeric">
<kw name="Click Element" library="SeleniumLibrary">
<arg>xpath:/html[1]/body[1]/app-root[1]/app-layout[1]/div[1]/div[2]/div[1]/app-tool-component-details[1]/div[3]/div[1]/app-atomic-boolean[1]/div[1]/div[1]/div[1]/p-inputswitch[1]/div[1]/span[1]</arg>
<doc>Click the element identified by ``locator``.</doc>
<msg timestamp="20230104 15:44:24.231" level="INFO">Clicking element 'xpath:/html[1]/body[1]/app-root[1]/app-layout[1]/div[1]/div[2]/div[1]/app-tool-component-details[1]/div[3]/div[1]/app-atomic-boolean[1]/div[1]/div[1]/div[1]/p-inputswitch[1]/div[1]/span[1]'.</msg>
<status status="PASS" starttime="20230104 15:44:24.230" endtime="20230104 15:44:24.305"/>
</kw>
<kw name="Sleep" library="BuiltIn">
<arg>2s</arg>
<doc>Pauses the test executed for the given time.</doc>
<msg timestamp="20230104 15:44:26.307" level="INFO">Slept 2 seconds</msg>
<status status="PASS" starttime="20230104 15:44:24.306" endtime="20230104 15:44:26.308"/>
</kw>
<kw name="Click Element" library="SeleniumLibrary">
<arg>xpath:/html[1]/body[1]/app-root[1]/app-layout[1]/div[1]/div[2]/div[1]/app-tool-component-details[1]/div[3]/div[1]/app-atomic-boolean[1]/div[1]/div[1]/div[1]/p-inputswitch[1]/div[1]/span[1]</arg>
<doc>Click the element identified by ``locator``.</doc>
<msg timestamp="20230104 15:44:26.309" level="INFO">Clicking element 'xpath:/html[1]/body[1]/app-root[1]/app-layout[1]/div[1]/div[2]/div[1]/app-tool-component-details[1]/div[3]/div[1]/app-atomic-boolean[1]/div[1]/div[1]/div[1]/p-inputswitch[1]/div[1]/span[1]'.</msg>
<status status="PASS" starttime="20230104 15:44:26.308" endtime="20230104 15:44:26.362"/>
</kw>
<kw name="Sleep" library="BuiltIn">
<arg>2s</arg>
<doc>Pauses the test executed for the given time.</doc>
<msg timestamp="20230104 15:44:28.363" level="INFO">Slept 2 seconds</msg>
<status status="PASS" starttime="20230104 15:44:26.362" endtime="20230104 15:44:28.363"/>
</kw>
<status status="PASS" starttime="20230104 15:44:24.229" endtime="20230104 15:44:28.363"/>
</kw>
<kw name="Then User checks Expression is total" library="01TestStep_Alphanumeric">
<kw name="Click Element" library="SeleniumLibrary">
<arg>xpath:/html[1]/body[1]/app-root[1]/app-layout[1]/div[1]/div[2]/div[1]/app-tool-component-details[1]/div[3]/div[2]/app-atomic-boolean[1]/div[1]/div[1]/div[1]/p-inputswitch[1]/div[1]/span[1]</arg>
<doc>Click the element identified by ``locator``.</doc>
<msg timestamp="20230104 15:44:28.366" level="INFO">Clicking element 'xpath:/html[1]/body[1]/app-root[1]/app-layout[1]/div[1]/div[2]/div[1]/app-tool-component-details[1]/div[3]/div[2]/app-atomic-boolean[1]/div[1]/div[1]/div[1]/p-inputswitch[1]/div[1]/span[1]'.</msg>
<status status="PASS" starttime="20230104 15:44:28.365" endtime="20230104 15:44:28.467"/>
</kw>
<kw name="Sleep" library="BuiltIn">
<arg>2s</arg>
<doc>Pauses the test executed for the given time.</doc>
<msg timestamp="20230104 15:44:30.468" level="INFO">Slept 2 seconds</msg>
<status status="PASS" starttime="20230104 15:44:28.467" endtime="20230104 15:44:30.468"/>
</kw>
<kw name="Click Element" library="SeleniumLibrary">
<arg>xpath:/html[1]/body[1]/app-root[1]/app-layout[1]/div[1]/div[2]/div[1]/app-tool-component-details[1]/div[3]/div[2]/app-atomic-boolean[1]/div[1]/div[1]/div[1]/p-inputswitch[1]/div[1]/span[1]</arg>
<doc>Click the element identified by ``locator``.</doc>
<msg timestamp="20230104 15:44:30.470" level="INFO">Clicking element 'xpath:/html[1]/body[1]/app-root[1]/app-layout[1]/div[1]/div[2]/div[1]/app-tool-component-details[1]/div[3]/div[2]/app-atomic-boolean[1]/div[1]/div[1]/div[1]/p-inputswitch[1]/div[1]/span[1]'.</msg>
<status status="PASS" starttime="20230104 15:44:30.468" endtime="20230104 15:44:30.538"/>
</kw>
<kw name="Sleep" library="BuiltIn">
<arg>2s</arg>
<doc>Pauses the test executed for the given time.</doc>
<msg timestamp="20230104 15:44:32.539" level="INFO">Slept 2 seconds</msg>
<status status="PASS" starttime="20230104 15:44:30.538" endtime="20230104 15:44:32.540"/>
</kw>
<status status="PASS" starttime="20230104 15:44:28.364" endtime="20230104 15:44:32.540"/>
</kw>
<status status="PASS" starttime="20230104 15:43:47.110" endtime="20230104 15:44:32.541"/>
</test>
<status status="PASS" starttime="20230104 15:43:46.980" endtime="20230104 15:44:32.543"/>
</suite>
<status status="PASS" starttime="20230104 15:43:46.980" endtime="20230104 15:44:32.545"/>
</suite>
<status status="PASS" starttime="20230104 15:43:46.980" endtime="20230104 15:44:32.546"/>
</suite>
<status status="PASS" starttime="20230104 15:43:46.979" endtime="20230104 15:44:32.547"/>
</suite>
<status status="PASS" starttime="20230104 15:43:46.967" endtime="20230104 15:44:32.548"/>
</suite>
<statistics>
<total>
<stat pass="1" fail="0" skip="0">All Tests</stat>
</total>
<tag>
</tag>
<suite>
<stat pass="1" fail="0" skip="0" id="s1" name="Ampersand test">Ampersand test</stat>
<stat pass="1" fail="0" skip="0" id="s1-s1" name="Automation">Ampersand test.Automation</stat>
<stat pass="1" fail="0" skip="0" id="s1-s1-s1" name="Tests">Ampersand test.Automation.Tests</stat>
<stat pass="1" fail="0" skip="0" id="s1-s1-s1-s1" name="02 PageTools">Ampersand test.Automation.Tests.02 PageTools</stat>
<stat pass="1" fail="0" skip="0" id="s1-s1-s1-s1-s1" name="05 Date">Ampersand test.Automation.Tests.02 PageTools.05 Date</stat>
</suite>
</statistics>
<errors>
</errors>
</robot>
